This is METAFONT, Version 2.7182818 (TeX Live 2016/dev) (preloaded base=mf 2016.8.19)  19 AUG 2016 12:28
**/home/rbowen/Desktop/fuel.png ./
(/home/rbowen/Desktop/fuel.png
! Text line contains an invalid character.
l.1 я
     Шяб^^@^^XExif^^@^^@II*^^@^^H^^@^^@^^@^^@^^@^^@^^@^^@^^@^^@^^@ям^^@^^QDu...

? 
! Text line contains an invalid character.
l.1 яШ
      яб^^@^^XExif^^@^^@II*^^@^^H^^@^^@^^@^^@^^@^^@^^@^^@^^@^^@^^@ям^^@^^QDu...

? 
! Text line contains an invalid character.
l.1 яШя
       б^^@^^XExif^^@^^@II*^^@^^H^^@^^@^^@^^@^^@^^@^^@^^@^^@^^@^^@ям^^@^^QDu...

? 
! Text line contains an invalid character.
l.1 яШяб
        ^^@^^XExif^^@^^@II*^^@^^H^^@^^@^^@^^@^^@^^@^^@^^@^^@^^@^^@ям^^@^^QDu...

? 
! Text line contains an invalid character.
l.1 яШяб^^@
           ^^XExif^^@^^@II*^^@^^H^^@^^@^^@^^@^^@^^@^^@^^@^^@^^@^^@ям^^@^^QDu...

? 
! Text line contains an invalid character.
l.1 яШяб^^@^^X
              Exif^^@^^@II*^^@^^H^^@^^@^^@^^@^^@^^@^^@^^@^^@^^@^^@ям^^@^^QDu...

? 
! Interruption.
<to be read again> 
                   Exif
l.1 яШяб^^@^^XExif
                  ^^@^^@II*^^@^^H^^@^^@^^@^^@^^@^^@^^@^^@^^@^^@^^@ям^^@^^QDu...

? 
! Text line contains an invalid character.
l.1 яШяб^^@^^XExif^^@
                     ^^@II*^^@^^H^^@^^@^^@^^@^^@^^@^^@^^@^^@^^@^^@ям^^@^^QDu...

? 
! Text line contains an invalid character.
l.1 яШяб^^@^^XExif^^@^^@
                        II*^^@^^H^^@^^@^^@^^@^^@^^@^^@^^@^^@^^@^^@ям^^@^^QDu...

? 
! Text line contains an invalid character.
l.1 яШяб^^@^^XExif^^@^^@II*^^@
                              ^^H^^@^^@^^@^^@^^@^^@^^@^^@^^@^^@^^@ям^^@^^QDu...

? 
! Text line contains an invalid character.
l.1 яШяб^^@^^XExif^^@^^@II*^^@^^H
                                 ^^@^^@^^@^^@^^@^^@^^@^^@^^@^^@^^@ям^^@^^QDu...

? 
! Text line contains an invalid character.
l.1 яШяб^^@^^XExif^^@^^@II*^^@^^H^^@
                                    ^^@^^@^^@^^@^^@^^@^^@^^@^^@^^@ям^^@^^QDu...

? 
! Text line contains an invalid character.
l.1 яШяб^^@^^XExif^^@^^@II*^^@^^H^^@^^@
                                       ^^@^^@^^@^^@^^@^^@^^@^^@^^@ям^^@^^QDu...

? 
! Text line contains an invalid character.
l.1 яШяб^^@^^XExif^^@^^@II*^^@^^H^^@^^@^^@
                                          ^^@^^@^^@^^@^^@^^@^^@^^@ям^^@^^QDu...

? 
! Text line contains an invalid character.
l.1 яШяб^^@^^XExif^^@^^@II*^^@^^H^^@^^@^^@^^@
                                             ^^@^^@^^@^^@^^@^^@^^@ям^^@^^QDu...

? 
! Text line contains an invalid character.
l.1 яШяб^^@^^XExif^^@^^@II*^^@^^H^^@^^@^^@^^@^^@
                                                ^^@^^@^^@^^@^^@^^@ям^^@^^QDu...

? 
! Text line contains an invalid character.
l.1 ...^^@^^XExif^^@^^@II*^^@^^H^^@^^@^^@^^@^^@^^@
                                                  ^^@^^@^^@^^@^^@ям^^@^^QDuc...

? 
! Text line contains an invalid character.
l.1 ...^^XExif^^@^^@II*^^@^^H^^@^^@^^@^^@^^@^^@^^@
                                                  ^^@^^@^^@^^@ям^^@^^QDucky^...

? 
! Text line contains an invalid character.
l.1 ...Exif^^@^^@II*^^@^^H^^@^^@^^@^^@^^@^^@^^@^^@
                                                  ^^@^^@^^@ям^^@^^QDucky^^@^...

? 
! Text line contains an invalid character.
l.1 ...f^^@^^@II*^^@^^H^^@^^@^^@^^@^^@^^@^^@^^@^^@
                                                  ^^@^^@ям^^@^^QDucky^^@^^A^...

? 
! Text line contains an invalid character.
l.1 ...@^^@II*^^@^^H^^@^^@^^@^^@^^@^^@^^@^^@^^@^^@
                                                  ^^@ям^^@^^QDucky^^@^^A^^@^...

? 
! Text line contains an invalid character.
l.1 ...@II*^^@^^H^^@^^@^^@^^@^^@^^@^^@^^@^^@^^@^^@
                                                  ям^^@^^QDucky^^@^^A^^@^^D^...

? 
! Text line contains an invalid character.
l.1 ...II*^^@^^H^^@^^@^^@^^@^^@^^@^^@^^@^^@^^@^^@я
                                                  м^^@^^QDucky^^@^^A^^@^^D^^...

? 
! Text line contains an invalid character.
l.1 ...I*^^@^^H^^@^^@^^@^^@^^@^^@^^@^^@^^@^^@^^@ям
                                                  ^^@^^QDucky^^@^^A^^@^^D^^@...

? 
! Text line contains an invalid character.
l.1 ...^@^^H^^@^^@^^@^^@^^@^^@^^@^^@^^@^^@^^@ям^^@
                                                  ^^QDucky^^@^^A^^@^^D^^@^^@...

? 
! Text line contains an invalid character.
l.1 ...^H^^@^^@^^@^^@^^@^^@^^@^^@^^@^^@^^@ям^^@^^Q
                                                  Ducky^^@^^A^^@^^D^^@^^@^^@...

? 
! Text line contains an invalid character.
l.1 ...^^@^^@^^@^^@^^@^^@^^@^^@^^@ям^^@^^QDucky^^@
                                                  ^^A^^@^^D^^@^^@^^@P^^@^^@я...

? 
! Text line contains an invalid character.
l.1 ...^^@^^@^^@^^@^^@^^@^^@^^@ям^^@^^QDucky^^@^^A
                                                  ^^@^^D^^@^^@^^@P^^@^^@яб^^...

? 
! Text line contains an invalid character.
l.1 ...^^@^^@^^@^^@^^@^^@^^@ям^^@^^QDucky^^@^^A^^@
                                                  ^^D^^@^^@^^@P^^@^^@яб^^C/h...

? 
! Text line contains an invalid character.
l.1 ...^^@^^@^^@^^@^^@^^@ям^^@^^QDucky^^@^^A^^@^^D
                                                  ^^@^^@^^@P^^@^^@яб^^C/http...

? 
! Text line contains an invalid character.
l.1 ...^^@^^@^^@^^@^^@ям^^@^^QDucky^^@^^A^^@^^D^^@
                                                  ^^@^^@P^^@^^@яб^^C/http://...

? 
! Text line contains an invalid character.
l.1 ...^^@^^@^^@^^@ям^^@^^QDucky^^@^^A^^@^^D^^@^^@
                                                  ^^@P^^@^^@яб^^C/http://ns....

? 
! Text line contains an invalid character.
l.1 ...^^@^^@^^@ям^^@^^QDucky^^@^^A^^@^^D^^@^^@^^@
                                                  P^^@^^@яб^^C/http://ns.ado...

? 
! Text line contains an invalid character.
l.1 ...^@^^@ям^^@^^QDucky^^@^^A^^@^^D^^@^^@^^@P^^@
                                                  ^^@яб^^C/http://ns.adobe.c...

? 
! Text line contains an invalid character.
l.1 ...^@ям^^@^^QDucky^^@^^A^^@^^D^^@^^@^^@P^^@^^@
                                                  яб^^C/http://ns.adobe.com/...

? 
! Text line contains an invalid character.
l.1 ...@ям^^@^^QDucky^^@^^A^^@^^D^^@^^@^^@P^^@^^@я
                                                  б^^C/http://ns.adobe.com/x...

? 
! Text line contains an invalid character.
l.1 ...ям^^@^^QDucky^^@^^A^^@^^D^^@^^@^^@P^^@^^@яб
                                                  ^^C/http://ns.adobe.com/xa...

? 
! Text line contains an invalid character.
l.1 ...^@^^QDucky^^@^^A^^@^^D^^@^^@^^@P^^@^^@яб^^C
                                                  /http://ns.adobe.com/xap/1...

? 
>> Exif.II
>> Ducky.P
! Not implemented: (unknown numeric)*(unknown numeric).
<to be read again> 
                   /
l.1 ...@^^QDucky^^@^^A^^@^^D^^@^^@^^@P^^@^^@яб^^C/
                                                  http://ns.adobe.com/xap/1....

? 
>> Ducky.P
>> http
! Not implemented: (unknown numeric)/(unknown numeric).
<to be read again> 
                   :
l.1 ...ucky^^@^^A^^@^^D^^@^^@^^@P^^@^^@яб^^C/http:
                                                  //ns.adobe.com/xap/1.0/^^@...

? 
>> http
! Isolated expression.
<to be read again> 
                   :
l.1 ...ucky^^@^^A^^@^^D^^@^^@^^@P^^@^^@яб^^C/http:
                                                  //ns.adobe.com/xap/1.0/^^@...

? 
! Extra tokens will be flushed.
<to be read again> 
                   :
l.1 ...ucky^^@^^A^^@^^D^^@^^@^^@P^^@^^@яб^^C/http:
                                                  //ns.adobe.com/xap/1.0/^^@...

? 
! Text line contains an invalid character.
l.1 ...^^@^^@яб^^C/http://ns.adobe.com/xap/1.0/^^@
                                                  <?xpacket begin="п»ї" id="...

? 
! Forbidden token found while scanning to the end of the statement.
<inserted text> 
                ;
<to be read again> 
                   end
l.1 ...tion> </rdf:RDF> </x:xmpmeta> <?xpacket end
                                                  ="r"?>яо^^@^^NAdobe^^@dА^^...

? 
 )
